0 info it worked if it ends with ok
1 verbose cli [ 'C:\\Program Files\\nodejs\\node.exe',
1 verbose cli   'C:\\Users\\Svitlana\\AppData\\Roaming\\npm\\node_modules\\npm\\bin\\npm-cli.js',
1 verbose cli   'run',
1 verbose cli   'app:server:start:dev' ]
2 info using npm@3.3.4
3 info using node@v4.2.1
4 verbose run-script [ 'preapp:server:start:dev',
4 verbose run-script   'app:server:start:dev',
4 verbose run-script   'postapp:server:start:dev' ]
5 info lifecycle isomorphic-react-relay-boilerplate@1.0.0~preapp:server:start:dev: isomorphic-react-relay-boilerplate@1.0.0
6 silly lifecycle isomorphic-react-relay-boilerplate@1.0.0~preapp:server:start:dev: no script for preapp:server:start:dev, continuing
7 info lifecycle isomorphic-react-relay-boilerplate@1.0.0~app:server:start:dev: isomorphic-react-relay-boilerplate@1.0.0
8 verbose lifecycle isomorphic-react-relay-boilerplate@1.0.0~app:server:start:dev: unsafe-perm in lifecycle true
9 verbose lifecycle isomorphic-react-relay-boilerplate@1.0.0~app:server:start:dev: PATH: C:\Users\Svitlana\AppData\Roaming\npm\node_modules\npm\bin\node-gyp-bin;C:\App\react-business-intel\node_modules\.bin;C:\Python27\;C:\Python27\Scripts;C:\ProgramData\Oracle\Java\javapath;C:\Windows\system32;C:\Windows;C:\Windows\System32\Wbem;C:\Windows\System32\WindowsPowerShell\v1.0\;C:\Program Files (x86)\ATI Technologies\ATI.ACE\Core-Static;C:\ProgramData\chocolatey\bin;C:\Program Files (x86)\Skype\Phone\;C:\Program Files\Git\cmd;C:\Program Files (x86)\Windows Kits\8.1\Windows Performance Toolkit\;C:\Program Files (x86)\Heroku\bin;C:\Program Files (x86)\git\cmd;C:\Program Files\nodejs\;C:\Users\Svitlana\.dnx\bin;C:\Program Files (x86)\Microsoft SDKs\Windows\v10.0A\bin\NETFX 4.6 Tools;C:\Users\Svitlana\AppData\Roaming\npm
10 verbose lifecycle isomorphic-react-relay-boilerplate@1.0.0~app:server:start:dev: CWD: C:\App\react-business-intel
11 silly lifecycle isomorphic-react-relay-boilerplate@1.0.0~app:server:start:dev: Args: [ '/d /s /c', 'nodemon --exec babel-node -- scripts/server.js' ]
12 silly lifecycle isomorphic-react-relay-boilerplate@1.0.0~app:server:start:dev: Returned: code: 1  signal: null
13 info lifecycle isomorphic-react-relay-boilerplate@1.0.0~app:server:start:dev: Failed to exec app:server:start:dev script
14 verbose stack Error: isomorphic-react-relay-boilerplate@1.0.0 app:server:start:dev: `nodemon --exec babel-node -- scripts/server.js`
14 verbose stack Exit status 1
14 verbose stack     at EventEmitter.<anonymous> (C:\Users\Svitlana\AppData\Roaming\npm\node_modules\npm\lib\utils\lifecycle.js:233:16)
14 verbose stack     at emitTwo (events.js:87:13)
14 verbose stack     at EventEmitter.emit (events.js:172:7)
14 verbose stack     at ChildProcess.<anonymous> (C:\Users\Svitlana\AppData\Roaming\npm\node_modules\npm\lib\utils\spawn.js:24:14)
14 verbose stack     at emitTwo (events.js:87:13)
14 verbose stack     at ChildProcess.emit (events.js:172:7)
14 verbose stack     at maybeClose (internal/child_process.js:818:16)
14 verbose stack     at Process.ChildProcess._handle.onexit (internal/child_process.js:211:5)
15 verbose pkgid isomorphic-react-relay-boilerplate@1.0.0
16 verbose cwd C:\App\react-business-intel
17 error Windows_NT 10.0.10240
18 error argv "C:\\Program Files\\nodejs\\node.exe" "C:\\Users\\Svitlana\\AppData\\Roaming\\npm\\node_modules\\npm\\bin\\npm-cli.js" "run" "app:server:start:dev"
19 error node v4.2.1
20 error npm  v3.3.4
21 error code ELIFECYCLE
22 error isomorphic-react-relay-boilerplate@1.0.0 app:server:start:dev: `nodemon --exec babel-node -- scripts/server.js`
22 error Exit status 1
23 error Failed at the isomorphic-react-relay-boilerplate@1.0.0 app:server:start:dev script 'nodemon --exec babel-node -- scripts/server.js'.
23 error This is most likely a problem with the isomorphic-react-relay-boilerplate package,
23 error not with npm itself.
23 error Tell the author that this fails on your system:
23 error     nodemon --exec babel-node -- scripts/server.js
23 error You can get their info via:
23 error     npm owner ls isomorphic-react-relay-boilerplate
23 error There is likely additional logging output above.
24 verbose exit [ 1, true ]
